Processing class cpw/mods/fml/relauncher/Side ...
... proceeded.
Writing class cpw/mods/fml/relauncher/Side ...
... written.
Processing class cpw/mods/fml/relauncher/SideOnly ...
... proceeded.
Writing class cpw/mods/fml/relauncher/SideOnly ...
... written.
Processing class net/minecraft/block/Block ...
... proceeded.
Processing class net/minecraft/block/Block$1 ...
... proceeded.
Processing class net/minecraft/block/Block$2 ...
... proceeded.
Processing class net/minecraft/block/Block$3 ...
... proceeded.
Processing class net/minecraft/block/Block$SoundType ...
... proceeded.
Writing class net/minecraft/block/Block ...
   Writing class net/minecraft/block/Block$1 ...
   ... written.
   Writing class net/minecraft/block/Block$2 ...
   ... written.
   Writing class net/minecraft/block/Block$3 ...
   ... written.
   Writing class net/minecraft/block/Block$SoundType ...
   ... written.
... written.
Processing class net/minecraft/block/BlockAir ...
... proceeded.
Writing class net/minecraft/block/BlockAir ...
... written.
Processing class net/minecraft/block/BlockAnvil ...
... proceeded.
Writing class net/minecraft/block/BlockAnvil ...
... written.
Processing class net/minecraft/block/BlockBasePressurePlate ...
... proceeded.
Writing class net/minecraft/block/BlockBasePressurePlate ...
... written.
Processing class net/minecraft/block/BlockBeacon ...
... proceeded.
Writing class net/minecraft/block/BlockBeacon ...
... written.
Processing class net/minecraft/block/BlockBed ...
... proceeded.
Writing class net/minecraft/block/BlockBed ...
... written.
Processing class net/minecraft/block/BlockBookshelf ...
... proceeded.
Writing class net/minecraft/block/BlockBookshelf ...
... written.
Processing class net/minecraft/block/BlockBreakable ...
... proceeded.
Writing class net/minecraft/block/BlockBreakable ...
... written.
Processing class net/minecraft/block/BlockBrewingStand ...
... proceeded.
Writing class net/minecraft/block/BlockBrewingStand ...
... written.
Processing class net/minecraft/block/BlockBush ...
... proceeded.
Writing class net/minecraft/block/BlockBush ...
... written.
Processing class net/minecraft/block/BlockButton ...
... proceeded.
Writing class net/minecraft/block/BlockButton ...
... written.
Processing class net/minecraft/block/BlockButtonStone ...
... proceeded.
Writing class net/minecraft/block/BlockButtonStone ...
... written.
Processing class net/minecraft/block/BlockButtonWood ...
... proceeded.
Writing class net/minecraft/block/BlockButtonWood ...
... written.
Processing class net/minecraft/block/BlockCactus ...
... proceeded.
Writing class net/minecraft/block/BlockCactus ...
... written.
Processing class net/minecraft/block/BlockCake ...
... proceeded.
Writing class net/minecraft/block/BlockCake ...
... written.
Processing class net/minecraft/block/BlockCarpet ...
... proceeded.
Writing class net/minecraft/block/BlockCarpet ...
... written.
Processing class net/minecraft/block/BlockCarrot ...
... proceeded.
Writing class net/minecraft/block/BlockCarrot ...
... written.
Processing class net/minecraft/block/BlockCauldron ...
... proceeded.
Writing class net/minecraft/block/BlockCauldron ...
... written.
Processing class net/minecraft/block/BlockChest ...
... proceeded.
Writing class net/minecraft/block/BlockChest ...
... written.
Processing class net/minecraft/block/BlockClay ...
... proceeded.
Writing class net/minecraft/block/BlockClay ...
... written.
Processing class net/minecraft/block/BlockCocoa ...
... proceeded.
Writing class net/minecraft/block/BlockCocoa ...
... written.
Processing class net/minecraft/block/BlockColored ...
... proceeded.
Writing class net/minecraft/block/BlockColored ...
... written.
Processing class net/minecraft/block/BlockCommandBlock ...
... proceeded.
Writing class net/minecraft/block/BlockCommandBlock ...
... written.
Processing class net/minecraft/block/BlockCompressed ...
... proceeded.
Writing class net/minecraft/block/BlockCompressed ...
... written.
Processing class net/minecraft/block/BlockCompressedPowered ...
... proceeded.
Writing class net/minecraft/block/BlockCompressedPowered ...
... written.
Processing class net/minecraft/block/BlockContainer ...
... proceeded.
Writing class net/minecraft/block/BlockContainer ...
... written.
Processing class net/minecraft/block/BlockCrops ...
... proceeded.
Writing class net/minecraft/block/BlockCrops ...
... written.
Processing class net/minecraft/block/BlockDaylightDetector ...
... proceeded.
Writing class net/minecraft/block/BlockDaylightDetector ...
... written.
Processing class net/minecraft/block/BlockDeadBush ...
... proceeded.
Writing class net/minecraft/block/BlockDeadBush ...
... written.
Processing class net/minecraft/block/BlockDirectional ...
... proceeded.
Writing class net/minecraft/block/BlockDirectional ...
... written.
Processing class net/minecraft/block/BlockDirt ...
... proceeded.
Writing class net/minecraft/block/BlockDirt ...
... written.
Processing class net/minecraft/block/BlockDispenser ...
... proceeded.
Writing class net/minecraft/block/BlockDispenser ...
... written.
Processing class net/minecraft/block/BlockDoor ...
... proceeded.
Writing class net/minecraft/block/BlockDoor ...
... written.
Processing class net/minecraft/block/BlockDoublePlant ...
... proceeded.
Writing class net/minecraft/block/BlockDoublePlant ...
... written.
Processing class net/minecraft/block/BlockDragonEgg ...
... proceeded.
Writing class net/minecraft/block/BlockDragonEgg ...
... written.
Processing class net/minecraft/block/BlockDropper ...
... proceeded.
Writing class net/minecraft/block/BlockDropper ...
... written.
Processing class net/minecraft/block/BlockDynamicLiquid ...
